***********************************Gas in USA Today***************************************
   state  count      mean   min     25%    50%     75%   max
0     PR      8  0.750000  0.75  0.7500  0.750  0.7500  0.75
1     OK    116  2.027155  1.88  1.9500  1.990  1.9900  2.69
2     MS    129  2.052791  1.94  1.9700  2.010  2.0900  2.39
3     MO    155  2.159742  1.81  2.0950  2.140  2.1900  2.99
4     LA    156  2.162308  1.88  2.0800  2.170  2.2900  2.56
5     SC    164  2.180244  1.88  2.0300  2.190  2.2900  2.55
6     KS    151  2.198609  2.04  2.1100  2.190  2.2500  2.51
7     OH    177  2.212034  1.99  2.1200  2.190  2.2900  2.69
8     AL    132  2.238864  1.95  2.1500  2.250  2.3325  2.59
9     AR    155  2.248645  2.00  2.1350  2.210  2.3900  2.59
10    DE    176  2.267045  2.09  2.1700  2.210  2.2700  2.99
11    KY    167  2.291078  1.99  2.1500  2.340  2.3900  2.79
12    TX    141  2.297376  1.93  2.1900  2.270  2.3900  2.99
13    IN    183  2.317596  2.18  2.2400  2.290  2.3450  2.59
14    WI    133  2.325489  2.16  2.2900  2.290  2.3900  2.59
15    MI    133  2.354586  2.13  2.2300  2.290  2.3900  2.89
16    MD    148  2.377365  2.15  2.2900  2.370  2.4500  2.70
17    NM    166  2.388373  2.14  2.2900  2.390  2.4900  2.69
18    TN    131  2.390687  2.06  2.1850  2.290  2.5450  2.89
19    SD     79  2.416582  2.19  2.3300  2.330  2.3900  2.96
20    NC    168  2.433274  2.08  2.2900  2.405  2.5075  2.99
21    ND     87  2.442414  2.09  2.3900  2.400  2.5450  2.59
22    IA     86  2.452558  2.11  2.2975  2.550  2.5700  2.71
23    NE     73  2.456164  2.23  2.2700  2.520  2.5900  2.74
24    ME    168  2.533214  2.35  2.4475  2.530  2.6300  2.79
25    WV    127  2.545591  2.19  2.3500  2.590  2.6900  2.93
26    NJ    106  2.548208  2.31  2.4300  2.530  2.6500  3.08
27    CO    137  2.560584  2.21  2.4500  2.570  2.6100  3.29
28    VA    183  2.584098  2.18  2.4800  2.570  2.6900  3.38
29    RI     74  2.586486  2.38  2.4900  2.620  2.6850  2.81
30    FL    164  2.602683  2.35  2.4500  2.510  2.6900  3.49
31    MN    157  2.605414  2.39  2.5400  2.590  2.6200  2.89
32    NH    180  2.647944  2.45  2.5850  2.660  2.7100  2.89
33    GA    155  2.686129  2.09  2.5500  2.790  2.7900  3.19
34    VT    105  2.743333  2.51  2.7300  2.770  2.7900  2.89
35    WY    101  2.761188  2.58  2.7200  2.770  2.7900  3.05
36    CT    111  2.770901  2.49  2.6700  2.770  2.8750  3.07
37    DC    140  2.781357  2.39  2.7100  2.750  2.9100  3.05
38    PA    142  2.797465  2.58  2.6700  2.760  2.8300  3.49
39    UT    186  2.819140  2.64  2.7500  2.815  2.8600  3.19
40    AZ    161  2.820559  2.54  2.7700  2.790  2.8900  2.99
41    MT    131  2.835496  2.55  2.8100  2.830  2.8900  3.09
42    ID    155  2.854323  2.69  2.8100  2.890  2.8900  2.99
43    NY    139  2.868705  2.33  2.7900  2.830  2.9500  3.39
44    MA    142  2.913803  2.49  2.7900  2.920  2.9900  3.19
45    IL    151  3.120927  2.43  2.9400  2.990  3.3900  3.69
46    NV    161  3.123478  2.74  2.9900  3.150  3.2100  3.59
47    AK    150  3.169000  3.05  3.1500  3.150  3.1600  3.53
48    OR    173  3.333064  2.89  3.1900  3.350  3.3900  3.89
49    HI    163  3.653926  2.79  3.6200  3.730  3.7500  3.89
50    WA    170  3.679765  3.15  3.5900  3.690  3.7900  3.97
51    CA    191  3.756335  3.29  3.4900  3.690  3.8900  4.49
*********************************Gas in USA Last Week*************************************
   state  count      mean   min     25%    50%     75%   max
0     PR      8  0.750000  0.75  0.7500  0.750  0.7500  0.75
1     OK    249  2.071245  1.88  1.9800  1.990  2.1200  2.79
2     MS    255  2.096667  1.94  1.9900  2.050  2.1800  2.40
3     LA    291  2.188557  1.88  2.0900  2.190  2.2900  2.70
4     MO    314  2.191083  1.81  2.1000  2.180  2.2400  2.99
5     SC    331  2.223414  1.88  2.0900  2.210  2.3400  2.65
6     KS    308  2.236591  2.04  2.1500  2.210  2.2900  2.59
7     AL    279  2.270932  1.95  2.1700  2.290  2.3900  2.68
8     DE    350  2.272257  2.09  2.1900  2.240  2.2900  2.99
9     OH    355  2.283099  1.99  2.1900  2.280  2.3900  2.69
10    AR    313  2.298403  2.00  2.1900  2.290  2.3900  2.59
11    TX    281  2.317616  1.93  2.1900  2.290  2.4100  2.99
12    KY    352  2.340313  1.99  2.1900  2.390  2.4700  2.99
13    IN    368  2.356902  2.18  2.2700  2.320  2.4300  2.69
14    WI    267  2.358464  2.16  2.2900  2.350  2.4100  2.59
15    MI    262  2.387824  2.13  2.2800  2.370  2.4775  2.89
16    MD    285  2.405333  2.15  2.2900  2.390  2.4800  2.89
17    NM    339  2.424572  2.14  2.3400  2.440  2.5100  2.69
18    TN    261  2.432414  2.06  2.2400  2.320  2.7500  2.92
19    SD    207  2.445314  2.19  2.3300  2.390  2.4100  3.02
20    NE    175  2.460000  2.23  2.3000  2.370  2.5900  2.91
21    ND    186  2.463817  2.09  2.4000  2.440  2.5900  2.89
22    NC    335  2.464179  2.08  2.3600  2.450  2.5600  2.99
23    IA    162  2.473827  2.11  2.3700  2.490  2.5900  2.76
24    ME    335  2.547851  2.35  2.4500  2.540  2.6500  3.33
25    NJ    226  2.570575  2.31  2.4500  2.550  2.6850  3.08
26    CO    307  2.585342  2.21  2.4900  2.590  2.6900  3.29
27    WV    265  2.589094  2.19  2.4200  2.650  2.6900  2.95
28    VA    367  2.602725  2.18  2.4900  2.590  2.6900  3.38
29    MN    310  2.617161  2.39  2.5400  2.590  2.6700  2.89
30    RI    175  2.618057  2.38  2.5300  2.630  2.6900  2.87
31    FL    348  2.618362  2.35  2.4700  2.550  2.6900  3.49
32    NH    352  2.664148  2.45  2.5900  2.685  2.7500  2.89
33    GA    317  2.727445  2.09  2.5500  2.790  2.8900  3.39
34    VT    194  2.763093  2.51  2.7300  2.790  2.8300  2.89
35    WY    202  2.764653  2.58  2.6900  2.770  2.7900  3.19
36    CT    217  2.782442  2.49  2.6900  2.790  2.8900  3.07
37    DC    276  2.786848  2.35  2.7100  2.750  2.9100  3.48
38    PA    308  2.818701  2.58  2.7300  2.790  2.8900  3.49
39    AZ    332  2.829940  2.54  2.7900  2.830  2.8900  2.99
40    UT    369  2.834444  2.64  2.7900  2.840  2.8900  3.39
41    MT    275  2.851927  2.55  2.8300  2.840  2.8900  3.09
42    ID    319  2.867492  2.69  2.8300  2.890  2.8900  2.99
43    NY    308  2.884610  2.33  2.7900  2.830  2.9900  3.55
44    MA    291  2.948041  2.49  2.8000  2.970  3.0900  3.59
45    NV    330  3.140091  2.74  3.0125  3.160  3.2300  4.29
46    IL    326  3.147546  2.43  2.9600  3.070  3.3900  3.79
47    AK    304  3.176743  3.05  3.1500  3.150  3.1700  3.53
48    OR    353  3.344448  2.89  3.1900  3.350  3.3900  3.89
49    HI    327  3.677492  2.79  3.6400  3.750  3.7800  3.93
50    WA    347  3.682421  3.15  3.5900  3.690  3.7900  3.99
51    CA    385  3.778260  3.29  3.5500  3.690  3.9800  4.89
**********************************Price Table in OH***************************************
      price       date               service                                     address
0      1.99 2018-11-27  United Dairy Farmers                   1217 Brown St, Dayton, OH
1      1.99 2018-11-27              Speedway                121 E Stewart St, Dayton, OH
2      2.01 2018-11-27                Love's       2217 S Edwin C Moses Blvd, Dayton, OH
3      2.01 2018-11-27                    BP       2100 S Edwin C Moses Blvd, Dayton, OH
4      2.02 2018-11-27              Speedway               744 W Fifth Ave, Columbus, OH
5      2.02 2018-11-27  United Dairy Farmers                  993 King Ave, Columbus, OH
6      2.02 2018-11-27              Speedway               744 W Fifth Ave, Columbus, OH
7      2.03 2018-11-27                 GetGo        820 W 3rd Ave, Grandview Heights, OH
8      2.04 2018-11-27              Circle K                 1574 Kenny Rd, Columbus, OH
9      2.04 2018-11-27                    BP                   433 S Main St, Dayton, OH
10     2.04 2018-11-27                    BP       1347 Olentangy River Rd, Columbus, OH
11     2.05 2018-11-27              Speedway           3131 W Tuscarawas Ave, Canton, OH
12     2.05 2018-11-27              Speedway              2122 Navarre Rd SW, Canton, OH
13     2.06 2018-11-27                 GetGo              3070 Cromer Ave NW, Canton, OH
14     2.06 2018-11-27                 Shell                  1224 S Main St, Dayton, OH
15     2.06 2018-11-27            Murphy USA             262 Tallmadge Rd, Brimfield, OH
16     2.06 2018-11-27              Speedway        1430 W Lane Ave, Upper Arlington, OH
17     2.07 2018-11-27                Sunoco               1102 W Mound St, Columbus, OH
18     2.08 2018-11-27  United Dairy Farmers            3388 Indianola Ave, Columbus, OH
19     2.08 2018-11-27          Spee-D Foods               3002 Market Ave N, Canton, OH
20     2.08 2018-11-27                    BP            2211 Tuscarawas St W, Canton, OH
21     2.08 2018-11-27                    BP               1200 Market Ave N, Canton, OH
22     2.08 2018-11-27                Sunoco                   1927 Brown St, Dayton, OH
23     2.08 2018-11-27  United Dairy Farmers               327 E Hudson St, Columbus, OH
24     2.08 2018-11-27                Sunoco            1601 Tuscarawas St W, Canton, OH
25     2.08 2018-11-27                 GetGo                2845 N High St, Columbus, OH
26     2.08 2018-11-27                 GetGo                  104 Raff Rd SW, Canton, OH
27     2.08 2018-11-27  United Dairy Farmers               327 E Hudson St, Columbus, OH
28     2.09 2018-11-27                Sunoco                2570 N High St, Columbus, OH
29     2.09 2018-11-27             Uncle Max              1221 E Hudson St, Columbus, OH
...     ...        ...                   ...                                         ...
3143   2.79 2018-11-05                 Shell      2974 Colerain Ave, Camp Washington, OH
3144   2.79 2018-11-05              Marathon           2942 Central Pkwy, Cincinnati, OH
3145   2.79 2018-11-02                Sunoco             3569 Lee Rd, Shaker Heights, OH
3146   2.79 2018-11-05                 Shell            3337 Clifton Ave, Cincinnati, OH
3147   2.79 2018-11-04              Shamrock               1010 Harmon Ave, Columbus, OH
3148   2.79 2018-11-13              Marathon           2942 Central Pkwy, Cincinnati, OH
3149   2.79 2018-10-31                    BP     13165 Larchmere Ave, Shaker Heights, OH
3150   2.79 2018-11-08              Marathon           2942 Central Pkwy, Cincinnati, OH
3151   2.79 2018-11-05                Sunoco  2740 Spring Grove Ave, Camp Washington, OH
3152   2.79 2018-11-15              Marathon           2942 Central Pkwy, Cincinnati, OH
3153   2.79 2018-11-08                Sunoco  2740 Spring Grove Ave, Camp Washington, OH
3154   2.82 2018-11-05                    BP                  660 Neil Ave, Columbus, OH
3155   2.82 2018-10-30                    BP                  660 Neil Ave, Columbus, OH
3156   2.82 2018-11-02                    BP                  660 Neil Ave, Columbus, OH
3157   2.82 2018-11-03                    BP                  660 Neil Ave, Columbus, OH
3158   2.82 2018-11-08                    BP                  660 Neil Ave, Columbus, OH
3159   2.82 2018-10-31                    BP                  660 Neil Ave, Columbus, OH
3160   2.82 2018-11-04                    BP                  660 Neil Ave, Columbus, OH
3161   2.82 2018-11-06                    BP                  660 Neil Ave, Columbus, OH
3162   2.89 2018-10-30                    BP          2606 Jefferson Ave, Cincinnati, OH
3163   2.89 2018-10-31                    BP          2606 Jefferson Ave, Cincinnati, OH
3164   2.89 2018-11-15              Speedway                2510 N High St, Columbus, OH
3165   2.89 2018-11-02                    BP          2606 Jefferson Ave, Cincinnati, OH
3166   2.89 2018-11-15              Speedway                2510 N High St, Columbus, OH
3167   2.95 2018-10-30              Marathon             14588 Madison Ave, Lakewood, OH
3168   3.39 2018-11-18                Sunoco       12404 Cedar Rd, Cleveland Heights, OH
3169   3.39 2018-10-31                Sunoco       12404 Cedar Rd, Cleveland Heights, OH
3170   3.39 2018-11-06                Sunoco       12404 Cedar Rd, Cleveland Heights, OH
3171   3.39 2018-11-20                Sunoco       12404 Cedar Rd, Cleveland Heights, OH
3172   3.39 2018-10-30                Sunoco       12404 Cedar Rd, Cleveland Heights, OH

[3173 rows x 4 columns]
********************************Service Analysis in OH************************************
                    service  count      mean   min     25%    50%     75%   max
0            Prime Stations      9  2.288889  2.13  2.2300  2.230  2.4200  2.42
1                Gas and Go     18  2.298333  2.13  2.2550  2.290  2.3900  2.39
2           Fueling America     15  2.337333  2.19  2.2700  2.270  2.3900  2.55
3                 Uncle Max     26  2.344615  2.09  2.2900  2.360  2.3900  2.49
4         C Food Mart & Gas     12  2.351667  2.13  2.2800  2.350  2.4900  2.49
5                 Union Gas     18  2.352222  2.25  2.2750  2.350  2.4350  2.45
6                   Gas USA     44  2.359545  2.11  2.2900  2.370  2.4550  2.49
7                Murphy USA     18  2.367778  2.06  2.3300  2.400  2.4550  2.56
8   Kent Fuel and Mini Mart     18  2.368333  2.19  2.2900  2.390  2.4450  2.49
9                    Sheetz     35  2.376571  2.09  2.2900  2.390  2.4500  2.56
10              Canton Fuel     18  2.376667  2.14  2.3600  2.390  2.4500  2.49
11                   Love's      6  2.378333  2.01  2.2850  2.375  2.5475  2.65
12              Turkey Hill     36  2.380556  2.09  2.2800  2.380  2.4900  2.65
13            Ohio City Gas     17  2.381765  2.19  2.2900  2.390  2.4900  2.49
14        Lakewood One Stop     18  2.382222  2.13  2.3350  2.350  2.4900  2.53
15              Big Daddy's     16  2.383125  2.16  2.3375  2.370  2.4600  2.60
16                       HP     15  2.383333  2.19  2.2900  2.390  2.4900  2.49
17           Prestige Petro     14  2.383571  2.19  2.3500  2.390  2.4600  2.49
18             Spee-D Foods     30  2.386667  2.08  2.3600  2.390  2.4400  2.59
19                 Circle K    181  2.388011  2.04  2.3100  2.390  2.4700  2.61
20                    GetGo    120  2.388500  2.03  2.2875  2.390  2.4900  2.65
21               Speedy Gas     34  2.389706  2.15  2.2525  2.440  2.4700  2.59
22     United Dairy Farmers    135  2.395407  1.99  2.2900  2.380  2.5200  2.69
23                 Speedway    287  2.403101  1.99  2.3300  2.410  2.4900  2.89
24             Lee Gas Mart     11  2.405455  2.25  2.3150  2.380  2.5400  2.54
25           A-Mart Express     15  2.412000  2.29  2.3900  2.390  2.4900  2.59
26              Liberty Gas     17  2.419412  2.29  2.3400  2.490  2.4900  2.49
27                     Gulf     46  2.424130  2.15  2.3675  2.390  2.4900  2.59
28                    Clark     30  2.427667  2.17  2.3900  2.410  2.4900  2.65
29         Hanini Petroleum      6  2.438333  2.18  2.4900  2.490  2.4900  2.49
30          S & K Fuel Mart     17  2.441765  2.19  2.3900  2.390  2.5500  2.65
31                   GasWay     13  2.447692  2.39  2.3900  2.490  2.4900  2.49
32                   Kroger     38  2.455789  2.17  2.3600  2.455  2.5750  2.67
33                   Valero     41  2.458537  2.09  2.3900  2.490  2.5400  2.72
34              Express Gas     11  2.471818  2.39  2.4400  2.490  2.4900  2.59
35                  Sammy's     24  2.478333  2.29  2.4050  2.480  2.5225  2.65
36            Speedy Market      7  2.480000  2.34  2.3400  2.450  2.6300  2.63
37                    Mobil     66  2.482273  2.19  2.3900  2.490  2.5900  2.75
38                   Sunoco    441  2.487891  2.07  2.3800  2.490  2.5900  3.39
39                       BP    358  2.494832  2.01  2.3800  2.490  2.5900  2.89
40                 Ohio Oil     18  2.516667  2.25  2.4500  2.450  2.6500  2.65
41                 Marathon    346  2.522225  2.13  2.4300  2.550  2.5900  2.95
42                    Shell    417  2.522734  2.06  2.4500  2.550  2.5900  2.79
43                Marathon      18  2.528889  2.29  2.4900  2.490  2.5900  2.69
44                Dyna-Gard      5  2.550000  2.55  2.5500  2.550  2.5500  2.55
45           Q's Gas and Go      6  2.550000  2.49  2.4900  2.490  2.6100  2.69
46                Certified     27  2.554444  2.29  2.4600  2.590  2.6600  2.75
47        Weber Road Market      7  2.555714  2.35  2.5900  2.590  2.5900  2.59
48                    Exxon     15  2.558000  2.29  2.5400  2.590  2.5900  2.75
49        Express Food Mart      2  2.590000  2.59  2.5900  2.590  2.5900  2.59
50        Hall of Fame Fuel      5  2.594000  2.45  2.4500  2.490  2.7900  2.79
51  Sally's Service Station     10  2.628000  2.54  2.6500  2.650  2.6500  2.65
52                 Shamrock     16  2.743125  2.39  2.7400  2.790  2.7900  2.79
*********************************Date Analysis in OH**************************************
         date  count      mean   min   25%   50%     75%   max
0  2018-11-27    177  2.212034  1.99  2.12  2.19  2.2900  2.69
1  2018-11-21    178  2.353764  2.14  2.27  2.34  2.4175  2.69
2  2018-11-13    170  2.370529  2.12  2.29  2.36  2.4500  2.79
3  2018-11-20    184  2.386848  2.17  2.29  2.38  2.4500  3.39
4  2018-11-12    166  2.392108  2.14  2.29  2.39  2.4675  2.79
5  2018-11-11    172  2.402907  2.15  2.32  2.39  2.4900  2.79
6  2018-11-08    179  2.452123  2.18  2.36  2.45  2.5050  2.82
7  2018-11-14    179  2.458268  2.12  2.38  2.48  2.5900  2.79
8  2018-11-18    180  2.460278  2.15  2.38  2.44  2.5525  3.39
9  2018-11-17    186  2.476828  2.23  2.39  2.49  2.5900  2.79
10 2018-11-06    172  2.496512  2.29  2.39  2.49  2.5825  3.39
11 2018-11-15    185  2.501351  2.25  2.45  2.49  2.5900  2.89
12 2018-11-05    169  2.512189  2.34  2.43  2.50  2.5900  2.82
13 2018-11-04    171  2.524620  2.34  2.45  2.53  2.5900  2.82
14 2018-11-03    178  2.530169  2.35  2.45  2.54  2.5900  2.82
15 2018-11-02    177  2.542486  2.36  2.47  2.55  2.5900  2.89
16 2018-10-31    177  2.588475  2.37  2.49  2.59  2.6500  3.39
17 2018-10-30    173  2.611908  2.37  2.54  2.59  2.6900  3.39
*********************************City Analysis in OH**************************************
                 city  count      mean   min     25%    50%     75%   max
0   Grandview Heights     18  2.324444  2.03  2.2075  2.350  2.3900  2.65
1     Upper Arlington     21  2.355238  2.06  2.2800  2.350  2.4400  2.65
2              Canton    290  2.385241  2.05  2.3425  2.390  2.4500  2.79
3           Brimfield     72  2.391528  2.06  2.3200  2.410  2.4725  2.56
4        Munroe Falls     18  2.393333  2.11  2.3450  2.410  2.4850  2.57
5                Kent    144  2.398611  2.09  2.2900  2.410  2.4900  2.59
6                Stow     54  2.400000  2.12  2.3425  2.420  2.4650  2.66
7             Ravenna     46  2.417826  2.12  2.3625  2.430  2.4500  2.73
8           Cleveland    717  2.436667  2.11  2.3500  2.470  2.5300  2.69
9              Dayton    354  2.463955  1.99  2.3725  2.490  2.5700  2.79
10           Columbus    944  2.467468  2.02  2.3700  2.490  2.5900  2.89
11          Riverside     12  2.475000  2.29  2.4350  2.480  2.5225  2.65
12           Lakewood    139  2.483597  2.13  2.3850  2.490  2.5900  2.95
13           Bellevue     18  2.507778  2.27  2.4175  2.535  2.5900  2.67
14        St. Bernard      4  2.565000  2.49  2.4900  2.540  2.6150  2.69
15         Cincinnati    205  2.588829  2.27  2.4900  2.590  2.6900  2.89
16     Shaker Heights     26  2.636154  2.49  2.5900  2.590  2.6900  2.79
17  Cleveland Heights     37  2.649459  2.29  2.3900  2.590  2.6900  3.39
18    Camp Washington     54  2.660370  2.49  2.5900  2.590  2.7900  2.79
